================================================================================
🔍 Amazon 广告 final_url_suffix 检查
================================================================================
API Version: v23
经理人账号: 6435691150
自动暂停: 是

📋 获取经理人账号 6435691150 下的所有子账号...
从环境变量加载子账号: ['3674729801', '6052559425']
✅ 找到 2 个子账号: ['3674729801', '6052559425']

📂 子账号: 3674729801...
   ✅ 无问题广告

📂 子账号: 6052559425...
   ✅ 无问题广告

================================================================================
📊 检查结果汇总
================================================================================
   检查账号数: 2
   问题广告系列数: 0
   已暂停: 0
   暂停失败: 0

✅ 所有 Amazon 广告的 final_url_suffix 均已正确设置!
---
Check completed at Mon Apr  6 09:18:31 AM CST 2026
Exit code: 0
