[2026-03-21T01:53:13.406Z] Fetched 10 trend items from Google Trends
[2026-03-21T01:53:13.412Z] Filtered 10 items down to 9 relevant items
[2026-03-21T01:53:13.415Z] === Daily trends briefing complete ===
[2026-03-21T01:54:24.965Z] === Starting daily trends briefing ===
[2026-03-21T01:54:25.154Z] Fetched 10 trend items from Google Trends
[2026-03-21T01:54:25.158Z] Filtered out: trent perry (source: Yahoo Sports)
[2026-03-21T01:54:25.158Z] Filtered out: todd golden (source: Yahoo Sports)
[2026-03-21T01:54:25.159Z] Filtered 10 items down to 8 relevant items
[2026-03-21T01:54:25.161Z] === Daily trends briefing complete ===
[2026-03-21T01:56:05.060Z] === Daily Trends Briefing Started ===
[2026-03-21T01:56:05.205Z] Fetched 10 trend items
[2026-03-21T01:56:05.210Z] Filtered: "trent perry" (source: Yahoo Sports)
[2026-03-21T01:56:05.211Z] Filtered: "todd golden" (source: Yahoo Sports)
[2026-03-21T01:56:05.212Z] Filtered 10 → 8 relevant items
[2026-03-21T01:56:05.213Z] === Daily Trends Briefing Complete ===
[2026-03-21T01:57:08.377Z] === Daily Trends Briefing Started ===
[2026-03-21T01:57:08.534Z] Fetched 10 trend items
[2026-03-21T01:57:08.539Z] Filtered: "trent perry" (source: Yahoo Sports)
[2026-03-21T01:57:08.539Z] Filtered: "todd golden" (source: Yahoo Sports)
[2026-03-21T01:57:08.540Z] Filtered 10 → 8 relevant items
[2026-03-21T01:57:08.543Z] === Daily Trends Briefing Complete ===
[2026-03-21T01:59:00.896Z] === Daily Trends Briefing Started ===
[2026-03-21T01:59:01.248Z] Fetched 10 trend items
[2026-03-21T01:59:01.254Z] Filtered: "trent perry" (source: Yahoo Sports)
[2026-03-21T01:59:01.254Z] Filtered: "todd golden" (source: Yahoo Sports)
[2026-03-21T01:59:01.255Z] Filtered 10 → 8 relevant items
[2026-03-21T01:59:01.258Z] === Daily Trends Briefing Complete ===
[2026-03-21T01:59:51.105Z] === Daily Trends Briefing Started ===
[2026-03-21T01:59:51.276Z] Fetched 10 trend items
[2026-03-21T01:59:51.279Z] Filtered: "kansas basketball" (source: Yahoo Sports)
[2026-03-21T01:59:51.280Z] Filtered: "dodgers" (source: Yahoo Sports)
[2026-03-21T01:59:51.281Z] Filtered: "trent perry" (source: Yahoo Sports)
[2026-03-21T01:59:51.281Z] Filtered: "todd golden" (source: Yahoo Sports)
[2026-03-21T01:59:51.282Z] Filtered 10 → 6 relevant items
[2026-03-21T01:59:51.285Z] === Daily Trends Briefing Complete ===
[2026-03-21T02:00:31.780Z] === Daily Trends Briefing Started ===
[2026-03-21T02:00:31.960Z] Fetched 10 trend items
[2026-03-21T02:00:31.964Z] Filtered: "kansas basketball" (source: Yahoo Sports)
[2026-03-21T02:00:31.965Z] Filtered: "dodgers" (source: Yahoo Sports)
[2026-03-21T02:00:31.966Z] Filtered: "jade cargill" (source: Yahoo)
[2026-03-21T02:00:31.966Z] Filtered: "trent perry" (source: Yahoo Sports)
[2026-03-21T02:00:31.967Z] Filtered: "todd golden" (source: Yahoo Sports)
[2026-03-21T02:00:31.968Z] Filtered: "prairie view basketball" (source: Florida Gators)
[2026-03-21T02:00:31.968Z] Filtered 10 → 4 relevant items
[2026-03-21T02:00:31.971Z] === Daily Trends Briefing Complete ===
[2026-03-21T02:01:08.597Z] === Daily Trends Briefing Started ===
[2026-03-21T02:01:08.701Z] Fetched 10 trend items
[2026-03-21T02:01:08.704Z] Filtered: "kansas basketball" (source: Yahoo Sports)
[2026-03-21T02:01:08.705Z] Filtered: "dodgers" (source: Yahoo Sports)
[2026-03-21T02:01:08.706Z] Filtered: "jade cargill" (source: Yahoo)
[2026-03-21T02:01:08.706Z] Filtered: "trent perry" (source: Yahoo Sports)
[2026-03-21T02:01:08.706Z] Filtered: "todd golden" (source: Yahoo Sports)
[2026-03-21T02:01:08.708Z] Filtered: "walter clayton jr" (source: Beale Street Bears)
[2026-03-21T02:01:08.708Z] Filtered: "prairie view basketball" (source: Florida Gators)
[2026-03-21T02:01:08.709Z] Filtered: "pj duke" (source: NCAA.com)
[2026-03-21T02:01:08.709Z] Filtered 10 → 2 relevant items
[2026-03-21T02:01:08.711Z] === Daily Trends Briefing Complete ===
[2026-03-21T02:01:50.551Z] === Daily Trends Briefing Started ===
[2026-03-21T02:01:50.811Z] Fetched 10 trend items
[2026-03-21T02:01:50.814Z] Filtered: "kansas basketball" (source: Yahoo Sports)
[2026-03-21T02:01:50.816Z] Filtered: "dodgers" (source: Yahoo Sports)
[2026-03-21T02:01:50.816Z] Filtered: "jade cargill" (source: Yahoo)
[2026-03-21T02:01:50.817Z] Filtered: "trent perry" (source: Yahoo Sports)
[2026-03-21T02:01:50.817Z] Filtered: "todd golden" (source: Yahoo Sports)
[2026-03-21T02:01:50.818Z] Filtered: "walter clayton jr" (source: Beale Street Bears)
[2026-03-21T02:01:50.819Z] Filtered: "prairie view basketball" (source: Florida Gators)
[2026-03-21T02:01:50.819Z] Filtered: "pj duke" (source: NCAA.com)
[2026-03-21T02:01:50.819Z] Filtered 10 → 2 relevant items
[2026-03-21T02:01:50.821Z] === Daily Trends Briefing Complete ===
[Sat Mar 21 10:01:50 AM CST 2026] Trends message saved to /root/.openclaw/workspace/logs/trends_to_send.txt
[2026-03-21T02:04:33.884Z] === Daily Trends Briefing Started ===
[2026-03-21T02:04:34.000Z] Fetched 10 trend items
[2026-03-21T02:04:34.006Z] Filtered: "kansas basketball" (source: Yahoo Sports)
[2026-03-21T02:04:34.006Z] Filtered: "dodgers" (source: Yahoo Sports)
[2026-03-21T02:04:34.006Z] Filtered: "draymond green" (source: Yahoo Sports)
[2026-03-21T02:04:34.007Z] Filtered: "trent perry" (source: Yahoo Sports)
[2026-03-21T02:04:34.007Z] Filtered: "jade cargill" (source: Yahoo)
[2026-03-21T02:04:34.007Z] Filtered 10 → 5 relevant items
[2026-03-21T02:04:34.009Z] === Daily Trends Briefing Complete ===
[Sat Mar 21 10:04:34 AM CST 2026] Trends message saved to /root/.openclaw/workspace/logs/trends_to_send.txt
[2026-03-21T02:05:24.296Z] === Daily Trends Briefing Started ===
[2026-03-21T02:05:24.473Z] Fetched 10 trend items
[2026-03-21T02:05:24.477Z] Filtered: "uconn basketball" (source: Furman University)
[2026-03-21T02:05:24.479Z] Filtered: "neighbors hbo" (source: The Guardian)
[2026-03-21T02:05:24.481Z] Filtered: "kansas basketball" (source: Yahoo Sports)
[2026-03-21T02:05:24.481Z] Filtered: "dodgers" (source: Yahoo Sports)
[2026-03-21T02:05:24.481Z] Filtered: "draymond green" (source: Yahoo Sports)
[2026-03-21T02:05:24.482Z] Filtered: "trent perry" (source: Yahoo Sports)
[2026-03-21T02:05:24.482Z] Filtered: "jade cargill" (source: Yahoo)
[2026-03-21T02:05:24.482Z] Filtered 10 → 3 relevant items
[2026-03-21T02:05:24.485Z] === Daily Trends Briefing Complete ===
[2026-03-21T02:06:16.770Z] === Daily Trends Briefing Started ===
[2026-03-21T02:06:16.878Z] Fetched 10 trend items
[2026-03-21T02:06:16.883Z] Filtered: "uconn basketball" (source: Furman University)
[2026-03-21T02:06:16.885Z] Filtered: "prairie view university" (source: PVAMU Home)
[2026-03-21T02:06:16.885Z] Filtered: "neighbors hbo" (source: The Guardian)
[2026-03-21T02:06:16.887Z] Filtered: "jalen rose" (source: Cleveland.com)
[2026-03-21T02:06:16.887Z] Filtered: "kansas basketball" (source: Yahoo Sports)
[2026-03-21T02:06:16.887Z] Filtered: "dodgers" (source: Yahoo Sports)
[2026-03-21T02:06:16.888Z] Filtered: "draymond green" (source: Yahoo Sports)
[2026-03-21T02:06:16.888Z] Filtered: "trent perry" (source: Yahoo Sports)
[2026-03-21T02:06:16.888Z] Filtered: "jade cargill" (source: Yahoo)
[2026-03-21T02:06:16.889Z] Filtered 10 → 1 relevant items
[2026-03-21T02:06:16.890Z] === Daily Trends Briefing Complete ===
[2026-03-21T02:06:31.835Z] === Daily Trends Briefing Started ===
[2026-03-21T02:06:32.006Z] Fetched 10 trend items
[2026-03-21T02:06:32.010Z] Filtered: "uconn basketball" (source: Furman University)
[2026-03-21T02:06:32.013Z] Filtered: "prairie view university" (source: PVAMU Home)
[2026-03-21T02:06:32.013Z] Filtered: "neighbors hbo" (source: The Guardian)
[2026-03-21T02:06:32.015Z] Filtered: "jalen rose" (source: Cleveland.com)
[2026-03-21T02:06:32.015Z] Filtered: "kansas basketball" (source: Yahoo Sports)
[2026-03-21T02:06:32.015Z] Filtered: "dodgers" (source: Yahoo Sports)
[2026-03-21T02:06:32.016Z] Filtered: "draymond green" (source: Yahoo Sports)
[2026-03-21T02:06:32.016Z] Filtered: "trent perry" (source: Yahoo Sports)
[2026-03-21T02:06:32.016Z] Filtered: "jade cargill" (source: Yahoo)
[2026-03-21T02:06:32.016Z] Filtered 10 → 1 relevant items
[2026-03-21T02:06:32.018Z] === Daily Trends Briefing Complete ===
[2026-03-21T02:08:15.975Z] === Daily Trends Briefing Started ===
[2026-03-21T02:08:16.093Z] Fetched 10 trend items
[2026-03-21T02:08:16.097Z] Filtered: "uconn basketball" (source: Furman University)
[2026-03-21T02:08:16.099Z] Filtered: "prairie view university" (source: PVAMU Home)
[2026-03-21T02:08:16.099Z] Filtered: "neighbors hbo" (source: The Guardian)
[2026-03-21T02:08:16.101Z] Filtered: "jalen rose" (source: Cleveland.com)
[2026-03-21T02:08:16.101Z] Filtered: "kansas basketball" (source: Yahoo Sports)
[2026-03-21T02:08:16.101Z] Filtered: "dodgers" (source: Yahoo Sports)
[2026-03-21T02:08:16.101Z] Filtered: "draymond green" (source: Yahoo Sports)
[2026-03-21T02:08:16.102Z] Filtered: "trent perry" (source: Yahoo Sports)
[2026-03-21T02:08:16.102Z] Filtered: "jade cargill" (source: Yahoo)
[2026-03-21T02:08:16.102Z] Filtered 10 → 1 relevant items
[2026-03-21T02:08:16.103Z] === Daily Trends Briefing Complete ===
[Sat Mar 21 10:08:16 AM CST 2026] Trends message saved to /root/.openclaw/workspace/logs/trends_to_send.txt
[2026-03-21T02:11:07.380Z] === Daily Trends Briefing Started ===
[2026-03-21T02:11:07.569Z] Fetched 10 trend items
[2026-03-21T02:11:07.573Z] Filtered: "uconn basketball" (source: Furman University)
[2026-03-21T02:11:07.576Z] Filtered: "prairie view university" (source: PVAMU Home)
[2026-03-21T02:11:07.576Z] Filtered: "neighbors hbo" (source: The Guardian)
[2026-03-21T02:11:07.578Z] Filtered: "jalen rose" (source: Cleveland.com)
[2026-03-21T02:11:07.578Z] Filtered: "kansas basketball" (source: Yahoo Sports)
[2026-03-21T02:11:07.578Z] Filtered: "dodgers" (source: Yahoo Sports)
[2026-03-21T02:11:07.578Z] Filtered: "draymond green" (source: Yahoo Sports)
[2026-03-21T02:11:07.578Z] Filtered: "trent perry" (source: Yahoo Sports)
[2026-03-21T02:11:07.579Z] Filtered: "daniss jenkins" (source: Detroit Free Press)
[2026-03-21T02:11:07.579Z] Filtered: "jade cargill" (source: Yahoo)
[2026-03-21T02:11:07.579Z] Filtered 10 → 0 relevant items
[2026-03-21T02:11:07.580Z] === Daily Trends Briefing Complete ===
[2026-03-21T02:11:13.993Z] === Daily Trends Briefing Started ===
[2026-03-21T02:11:14.149Z] Fetched 10 trend items
[2026-03-21T02:11:14.153Z] Filtered: "uconn basketball" (source: Furman University)
[2026-03-21T02:11:14.155Z] Filtered: "prairie view university" (source: PVAMU Home)
[2026-03-21T02:11:14.155Z] Filtered: "neighbors hbo" (source: The Guardian)
[2026-03-21T02:11:14.157Z] Filtered: "jalen rose" (source: Cleveland.com)
[2026-03-21T02:11:14.157Z] Filtered: "kansas basketball" (source: Yahoo Sports)
[2026-03-21T02:11:14.157Z] Filtered: "dodgers" (source: Yahoo Sports)
[2026-03-21T02:11:14.157Z] Filtered: "draymond green" (source: Yahoo Sports)
[2026-03-21T02:11:14.157Z] Filtered: "trent perry" (source: Yahoo Sports)
[2026-03-21T02:11:14.157Z] Filtered: "daniss jenkins" (source: Detroit Free Press)
[2026-03-21T02:11:14.158Z] Filtered: "jade cargill" (source: Yahoo)
[2026-03-21T02:11:14.158Z] Filtered 10 → 0 relevant items
[2026-03-21T02:11:14.159Z] === Daily Trends Briefing Complete ===
[Sat Mar 21 10:11:14 AM CST 2026] Trends message saved to /root/.openclaw/workspace/logs/trends_to_send.txt
[2026-03-21T02:13:16.250Z] === Daily Trends Briefing Started ===
[2026-03-21T02:13:16.508Z] Fetched 10 trend items
[2026-03-21T02:13:16.514Z] Filtered: "ty jerome"
[2026-03-21T02:13:16.515Z] Filtered: "drag race season 18"
[2026-03-21T02:13:16.515Z] Filtered: "uconn basketball"
[2026-03-21T02:13:16.516Z] Filtered: "jalen rose"
[2026-03-21T02:13:16.516Z] Filtered: "prairie view university"
[2026-03-21T02:13:16.516Z] Filtered: "neighbors hbo"
[2026-03-21T02:13:16.516Z] Filtered 10 → 4 relevant items
[2026-03-21T02:13:16.519Z] === Daily Trends Briefing Complete ===
[2026-03-21T02:14:13.116Z] === Daily Trends Briefing Started ===
[2026-03-21T02:14:13.547Z] Fetched 10 trend items
[2026-03-21T02:14:13.553Z] Filtered: "ty jerome"
[2026-03-21T02:14:13.554Z] Filtered: "drag race season 18"
[2026-03-21T02:14:13.555Z] Filtered: "uconn basketball"
[2026-03-21T02:14:13.555Z] Filtered: "jalen rose"
[2026-03-21T02:14:13.555Z] Filtered: "prairie view university"
[2026-03-21T02:14:13.556Z] Filtered: "neighbors hbo"
[2026-03-21T02:14:13.556Z] Filtered 10 → 4 relevant items
[2026-03-21T02:14:13.560Z] === Daily Trends Briefing Complete ===
[2026-03-21T02:14:18.472Z] === Daily Trends Briefing Started ===
[2026-03-21T02:14:18.581Z] Fetched 10 trend items
[2026-03-21T02:14:18.587Z] Filtered: "ty jerome"
[2026-03-21T02:14:18.588Z] Filtered: "drag race season 18"
[2026-03-21T02:14:18.589Z] Filtered: "uconn basketball"
[2026-03-21T02:14:18.589Z] Filtered: "jalen rose"
[2026-03-21T02:14:18.589Z] Filtered: "prairie view university"
[2026-03-21T02:14:18.589Z] Filtered: "neighbors hbo"
[2026-03-21T02:14:18.590Z] Filtered 10 → 4 relevant items
[2026-03-21T02:14:18.594Z] === Daily Trends Briefing Complete ===
[Sat Mar 21 10:14:18 AM CST 2026] Trends message saved to /root/.openclaw/workspace/logs/trends_to_send.txt
[2026-03-21T02:14:48.899Z] === Daily Trends Briefing Started ===
[2026-03-21T02:14:49.020Z] Fetched 10 trend items
[2026-03-21T02:14:49.027Z] Filtered: "ty jerome"
[2026-03-21T02:14:49.027Z] Filtered: "chicago cubs"
[2026-03-21T02:14:49.028Z] Filtered: "drag race season 18"
[2026-03-21T02:14:49.029Z] Filtered: "uconn basketball"
[2026-03-21T02:14:49.029Z] Filtered: "jalen rose"
[2026-03-21T02:14:49.030Z] Filtered: "prairie view university"
[2026-03-21T02:14:49.030Z] Filtered: "neighbors hbo"
[2026-03-21T02:14:49.030Z] Filtered 10 → 3 relevant items
[2026-03-21T02:14:49.033Z] === Daily Trends Briefing Complete ===
[2026-03-21T02:15:17.067Z] === Daily Trends Briefing Started ===
[2026-03-21T02:15:17.260Z] Fetched 10 trend items
[2026-03-21T02:15:17.264Z] Filtered: "michael movie"
[2026-03-21T02:15:17.266Z] Filtered: "ty jerome"
[2026-03-21T02:15:17.267Z] Filtered: "chicago cubs"
[2026-03-21T02:15:17.268Z] Filtered: "drag race season 18"
[2026-03-21T02:15:17.268Z] Filtered: "uconn basketball"
[2026-03-21T02:15:17.269Z] Filtered: "jalen rose"
[2026-03-21T02:15:17.269Z] Filtered: "prairie view university"
[2026-03-21T02:15:17.270Z] Filtered: "neighbors hbo"
[2026-03-21T02:15:17.270Z] Filtered 10 → 2 relevant items
[2026-03-21T02:15:17.272Z] === Daily Trends Briefing Complete ===
[2026-03-21T02:15:36.392Z] === Daily Trends Briefing Started ===
[2026-03-21T02:15:36.501Z] Fetched 10 trend items
[2026-03-21T02:15:36.505Z] Filtered: "michael movie"
[2026-03-21T02:15:36.507Z] Filtered: "ty jerome"
[2026-03-21T02:15:36.508Z] Filtered: "chicago cubs"
[2026-03-21T02:15:36.509Z] Filtered: "drag race season 18"
[2026-03-21T02:15:36.509Z] Filtered: "uconn basketball"
[2026-03-21T02:15:36.510Z] Filtered: "jalen rose"
[2026-03-21T02:15:36.510Z] Filtered: "prairie view university"
[2026-03-21T02:15:36.510Z] Filtered: "neighbors hbo"
[2026-03-21T02:15:36.511Z] Filtered 10 → 2 relevant items
[2026-03-21T02:15:36.513Z] === Daily Trends Briefing Complete ===
[Sat Mar 21 10:15:36 AM CST 2026] Trends message saved to /root/.openclaw/workspace/logs/trends_to_send.txt
[2026-03-23T00:50:31.403Z] === Daily Trends Briefing Started ===
[2026-03-23T00:50:31.544Z] Fetched 10 trend items
[2026-03-23T00:50:31.548Z] Filtered: "ja'kobi gillespie"
[2026-03-23T00:50:31.550Z] Filtered: "ut basketball"
[2026-03-23T00:50:31.551Z] Filtered: "has there ever been a perfect bracket"
[2026-03-23T00:50:31.552Z] Filtered 10 → 7 relevant items
[2026-03-23T00:50:31.557Z] === Daily Trends Briefing Complete ===
[2026-03-25T00:44:46.892Z] === Daily Trends Briefing Started ===
[2026-03-25T00:44:47.101Z] Fetched 10 trend items
[2026-03-25T00:44:47.109Z] Filtered: "wild hockey"
[2026-03-25T00:44:47.110Z] Filtered: "sahith theegala"
[2026-03-25T00:44:47.110Z] Filtered: "elijah moore"
[2026-03-25T00:44:47.111Z] Filtered 10 → 7 relevant items
[2026-03-25T00:44:47.118Z] === Daily Trends Briefing Complete ===
[2026-03-26T01:00:10.874Z] === Daily Trends Briefing Started ===
[2026-03-26T01:00:11.023Z] Fetched 10 trend items
[2026-03-26T01:00:11.027Z] Filtered: "rockets vs timberwolves"
[2026-03-26T01:00:11.030Z] Filtered: "ryan mcmahon"
[2026-03-26T01:00:11.032Z] Filtered: "celtics score"
[2026-03-26T01:00:11.033Z] Filtered 10 → 7 relevant items
[2026-03-26T01:00:11.040Z] === Daily Trends Briefing Complete ===
[2026-03-27T01:00:09.939Z] === Daily Trends Briefing Started ===
[2026-03-27T01:00:10.338Z] Fetched 10 trend items
[2026-03-27T01:00:10.343Z] Filtered: "texas basketball coach"
[2026-03-27T01:00:10.344Z] Filtered: "michael movie"
[2026-03-27T01:00:10.344Z] Filtered: "und hockey"
[2026-03-27T01:00:10.344Z] Filtered 10 → 7 relevant items
[2026-03-27T01:00:10.350Z] === Daily Trends Briefing Complete ===
[2026-03-28T01:00:06.615Z] === Daily Trends Briefing Started ===
[2026-03-28T01:00:06.772Z] Fetched 10 trend items
[2026-03-28T01:00:06.780Z] Filtered: "bucaramanga - santa fe"
[2026-03-28T01:00:06.780Z] Filtered: "max strus"
[2026-03-28T01:00:06.780Z] Filtered: "mortal kombat"
[2026-03-28T01:00:06.781Z] Filtered 10 → 7 relevant items
[2026-03-28T01:00:06.785Z] === Daily Trends Briefing Complete ===
[2026-03-29T01:00:07.401Z] === Daily Trends Briefing Started ===
[2026-03-29T01:00:07.884Z] Fetched 10 trend items
[2026-03-29T01:00:07.887Z] Filtered: "charles barkley"
[2026-03-29T01:00:07.888Z] Filtered: "bruce pearl"
[2026-03-29T01:00:07.890Z] Filtered: "paul rudd"
[2026-03-29T01:00:07.890Z] Filtered: "sabres standings"
[2026-03-29T01:00:07.890Z] Filtered 10 → 6 relevant items
[2026-03-29T01:00:07.894Z] === Daily Trends Briefing Complete ===
[2026-03-29T01:59:22.814Z] === Daily Trends Briefing Started ===
[2026-03-29T01:59:23.065Z] Fetched 10 trend items
[2026-03-29T01:59:23.073Z] Filtered: "conor mcgregor"
[2026-03-29T01:59:23.073Z] Filtered: "rob refsnyder"
[2026-03-29T01:59:23.073Z] Filtered: "brian mendoza"
[2026-03-29T01:59:23.073Z] Filtered: "trey kaufman-renn"
[2026-03-29T01:59:23.073Z] Filtered 10 → 6 relevant items
[2026-03-29T01:59:23.079Z] === Daily Trends Briefing Complete ===
[2026-03-29T01:59:30.074Z] === Daily Trends Briefing Started ===
[2026-03-29T01:59:30.259Z] Fetched 10 trend items
[2026-03-29T01:59:30.266Z] Filtered: "conor mcgregor"
[2026-03-29T01:59:30.267Z] Filtered: "rob refsnyder"
[2026-03-29T01:59:30.267Z] Filtered: "brian mendoza"
[2026-03-29T01:59:30.267Z] Filtered: "trey kaufman-renn"
[2026-03-29T01:59:30.267Z] Filtered 10 → 6 relevant items
[2026-03-29T01:59:30.272Z] === Daily Trends Briefing Complete ===
[2026-03-30T01:00:09.999Z] === Daily Trends Briefing Started ===
[2026-03-30T01:00:10.259Z] Fetched 10 trend items
[2026-03-30T01:00:10.263Z] Filtered: "brendan donovan"
[2026-03-30T01:00:10.267Z] Filtered: "jalen williams"
[2026-03-30T01:00:10.267Z] Filtered: "josh naylor"
[2026-03-30T01:00:10.268Z] Filtered 10 → 7 relevant items
[2026-03-30T01:00:10.275Z] === Daily Trends Briefing Complete ===
[2026-04-02T01:00:14.665Z] === Daily Trends Briefing Started ===
[2026-04-02T01:00:14.775Z] Fetched 10 trend items
[2026-04-02T01:00:14.778Z] Filtered: "atlético nacional - cúcuta"
[2026-04-02T01:00:14.781Z] Filtered: "ducks vs sharks"
[2026-04-02T01:00:14.781Z] Filtered: "blues vs kings"
[2026-04-02T01:00:14.783Z] Filtered: "where to watch cleveland guardians vs dodgers"
[2026-04-02T01:00:14.783Z] Filtered: "masked singer"
[2026-04-02T01:00:14.783Z] Filtered: "jaylen brown"
[2026-04-02T01:00:14.784Z] Filtered 10 → 4 relevant items
[2026-04-02T01:00:14.789Z] === Daily Trends Briefing Complete ===
[2026-04-03T01:00:08.044Z] === Daily Trends Briefing Started ===
[2026-04-03T01:00:08.210Z] Fetched 10 trend items
[2026-04-03T01:00:08.216Z] Filtered: "sabres score"
[2026-04-03T01:00:08.217Z] Filtered: "blackhawks vs oilers"
[2026-04-03T01:00:08.218Z] Filtered: "pistons game"
[2026-04-03T01:00:08.218Z] Filtered: "braves vs diamondbacks"
[2026-04-03T01:00:08.219Z] Filtered: "thunder schedule"
[2026-04-03T01:00:08.220Z] Filtered 10 → 5 relevant items
[2026-04-03T01:00:08.226Z] === Daily Trends Briefing Complete ===
[2026-04-04T01:00:12.354Z] === Daily Trends Briefing Started ===
[2026-04-04T01:00:12.695Z] Fetched 10 trend items
[2026-04-04T01:00:12.702Z] Filtered: "flyers score"
[2026-04-04T01:00:12.703Z] Filtered: "sheriff country"
[2026-04-04T01:00:12.703Z] Filtered: "rhea ripley"
[2026-04-04T01:00:12.703Z] Filtered 10 → 7 relevant items
[2026-04-04T01:00:12.709Z] === Daily Trends Briefing Complete ===
[2026-04-04T17:24:51.965Z] === Daily Trends Briefing Started ===
[2026-04-04T17:24:52.612Z] Fetched 10 trend items
[2026-04-04T17:24:52.619Z] Filtered: "tigers game today"
[2026-04-04T17:24:52.619Z] Filtered: "wild vs senators"
[2026-04-04T17:24:52.619Z] Filtered 10 → 8 relevant items
[2026-04-04T17:24:52.625Z] === Daily Trends Briefing Complete ===
[Sun Apr  5 01:24:52 AM CST 2026] Trends message saved to /root/.openclaw/workspace/logs/trends_to_send.txt
[2026-04-05T00:01:07.216Z] === Daily Trends Briefing Started ===
[2026-04-05T00:01:07.464Z] Fetched 10 trend items
[2026-04-05T00:01:07.467Z] Filtered: "billy donovan"
[2026-04-05T00:01:07.471Z] Filtered: "harry potter movies"
[2026-04-05T00:01:07.472Z] Filtered: "lola vice"
[2026-04-05T00:01:07.472Z] Filtered: "terry mclaurin"
[2026-04-05T00:01:07.472Z] Filtered 10 → 5 relevant items
[2026-04-05T00:01:07.478Z] === Daily Trends Briefing Complete ===
