[2026-04-17 20:37:33] Starting Amazon inventory check...
2026-04-17 20:37:33,965 - INFO - Starting inventory check for customer 3674729801
2026-04-17 20:37:36,117 - INFO - Loaded Service Account JSON from file: /root/.openclaw/workspace/autoads/awesome-ridge-478918-t7-bc818468b332.json
2026-04-17 20:37:36,120 - INFO - Using Service Account JSON from config (temp file: /tmp/tmp0a3h1d8d.json)
2026-04-17 20:37:37,389 - INFO - Found 67 campaigns with Amazon URLs
2026-04-17 20:37:37,390 - INFO - Checking https://www.amazon.com/dp/B0D1T1HZCC?maas=maas_adg_api_591898834743397672_static_9_129&ref_=aa_maas&tag=maas&aa_campaignid=lv_zXcy38Rl7wQjCR7Hfj&aa_adgroupid=lv_y8FSi3N3Mr6R8INsRI&aa_creativeid=lv_NqCEMDKvnbdAmYjS3a...
2026-04-17 20:37:37,390 - INFO - Looking for Decodo at: /root/.openclaw/workspace/skills/decodo-scraper/tools/scrape.py
2026-04-17 20:37:41,967 - INFO - Checking https://www.amazon.com/dp/B07DNYSJ8W?maas=maas_adg_api_591804352900556404_static_9_129&ref_=aa_maas&tag=maas&aa_campaignid=lv_RTsCyzfu3XgEFSuOC5&aa_adgroupid=lv_WqzG27EcHwFOydZPma&aa_creativeid=lv_R4RoVjY8sKIkKtLAAd&m=A2HKE9FMRX8ZH4...
2026-04-17 20:37:41,967 - INFO - Looking for Decodo at: /root/.openclaw/workspace/skills/decodo-scraper/tools/scrape.py
2026-04-17 20:37:46,385 - INFO - Checking https://www.amazon.com/dp/B0CFG7FKWN?maas=maas_adg_api_587336880899494533_static_12_113&ref_=aa_maas&tag=maas&aa_campaignid=MAREE38e17a72&aa_adgroupid=14d62c2e8dbc68071c644f13abd3dbc3538e562b&aa_creativeid=7f4675fb9f4e40449151d8f51938c4ff...
2026-04-17 20:37:46,385 - INFO - Looking for Decodo at: /root/.openclaw/workspace/skills/decodo-scraper/tools/scrape.py
2026-04-17 20:37:50,941 - INFO - Checking https://www.amazon.com/dp/B0BYTNTGLY?maas=maas_adg_api_578996844098910150_static_9_129&ref_=aa_maas&tag=maas&aa_campaignid=lv_1kN6aqXkfeTKgsg7Gu&aa_adgroupid=lv_mgpEE3bNYwKOjtH0F3&aa_creativeid=lv_O6dz097z9giONLKeQt&m=A2XRWKFPKCTI0V...
2026-04-17 20:37:50,941 - INFO - Looking for Decodo at: /root/.openclaw/workspace/skills/decodo-scraper/tools/scrape.py
2026-04-17 20:37:54,792 - INFO - Checking https://www.amazon.com/dp/B071G33DC1?maas=maas_adg_api_587583880795109923_static_9_129&ref_=aa_maas&tag=maas&aa_campaignid=lv_HiXwv73NG64B604mpT&aa_adgroupid=lv_rrLZ6clV1gZLdK5vNT&aa_creativeid=lv_zTPg4HyXAv5lHP9NV6&m=A9YYS53DC35OV...
2026-04-17 20:37:54,792 - INFO - Looking for Decodo at: /root/.openclaw/workspace/skills/decodo-scraper/tools/scrape.py
2026-04-17 20:37:58,576 - INFO - Checking https://www.amazon.com/dp/B082LV2VH6?maas=maas_adg_api_579758582948251126_static_12_113&ref_=aa_maas&tag=maas&aa_campaignid=Intex382ec2d6&aa_adgroupid=14d62c2ecf2e48db66d44cd6bdc878494307d7e4&aa_creativeid=df75f6ad3dec4cf6b02c70776c4b5299...
2026-04-17 20:37:58,576 - INFO - Looking for Decodo at: /root/.openclaw/workspace/skills/decodo-scraper/tools/scrape.py
2026-04-17 20:38:05,145 - INFO - Checking https://www.amazon.com/dp/B0FT2WGLD9?maas=maas_adg_api_591702405174591436_static_9_129&ref_=aa_maas&tag=maas&aa_campaignid=lv_qokBEzLYifw1UAqV7o&aa_adgroupid=lv_01GJuuHfLMyWQ4LqnH&aa_creativeid=lv_AUBGH2j13mhJJuInOC&m=AVSZ3M20F2PE6...
2026-04-17 20:38:05,145 - INFO - Looking for Decodo at: /root/.openclaw/workspace/skills/decodo-scraper/tools/scrape.py
2026-04-17 20:38:10,465 - INFO - Checking https://www.amazon.com/dp/B00AMNCYNQ?maas=maas_adg_api_583764351319053207_static_12_113&ref_=aa_maas&tag=maas&aa_campaignid=Epicab42c0792&aa_adgroupid=14d62c2e495950d21fa942b9aa603b39ca3ff258&aa_creativeid=a1314cd3899b41f691e43546f71317d6...
2026-04-17 20:38:10,466 - INFO - Looking for Decodo at: /root/.openclaw/workspace/skills/decodo-scraper/tools/scrape.py
2026-04-17 20:38:14,513 - INFO - Checking https://www.amazon.com/dp/B000ELSM1E?maas=maas_adg_api_582463272058736069_static_9_129&ref_=aa_maas&tag=maas&aa_campaignid=lv_6qO4iB016vIJQMohtR&aa_adgroupid=lv_LYLKN3sWtyyTJWLs9f&aa_creativeid=lv_Jeh2aNpmCuPgvAeGgW...
2026-04-17 20:38:14,513 - INFO - Looking for Decodo at: /root/.openclaw/workspace/skills/decodo-scraper/tools/scrape.py
2026-04-17 20:38:19,185 - INFO - Checking https://www.amazon.com/dp/B0B5XZ2H3J?maas=maas_adg_api_586375453529908506_static_12_113&ref_=aa_maas&tag=maas&aa_campaignid=Glocusent356f50f5&aa_adgroupid=14d62c2eecb953ade089427abe8a695c4683e744&aa_creativeid=d28b0c65219e425098e3d4a76b0d758f...
2026-04-17 20:38:19,185 - INFO - Looking for Decodo at: /root/.openclaw/workspace/skills/decodo-scraper/tools/scrape.py
2026-04-17 20:38:23,173 - INFO - Checking https://www.amazon.com/dp/B082W886W9?maas=maas_adg_api_588996196462594400_static_12_113&ref_=aa_maas&tag=maas&aa_campaignid=RENPHOaf1da161&aa_adgroupid=14d62c2e30b8b02c2b124ca3a4417d47ac8ef92d&aa_creativeid=c829b40126ab4c529546023b8e7fd725...
2026-04-17 20:38:23,173 - INFO - Looking for Decodo at: /root/.openclaw/workspace/skills/decodo-scraper/tools/scrape.py
2026-04-17 20:38:28,694 - INFO - Checking https://www.amazon.com/dp/B0D4215HCX?maas=maas_adg_api_583099661971754444_static_12_113&ref_=aa_maas&tag=maas&aa_campaignid=AINOPEa1c3b6bd&aa_adgroupid=14d62c2ed108f63e346d4bf38e7e9a60134e3249&aa_creativeid=b9ca8093d7644666b00b4d6c1ce02f50...
2026-04-17 20:38:28,694 - INFO - Looking for Decodo at: /root/.openclaw/workspace/skills/decodo-scraper/tools/scrape.py
2026-04-17 20:38:33,432 - INFO - Checking https://www.amazon.com/dp/B07XRB167B?maas=maas_adg_api_577748573858657998_static_12_113&ref_=aa_maas&tag=maas&aa_campaignid=MCMILLERENTERTAINMENTd3e5b94b&aa_adgroupid=14d62c2efc4de200630f4c5c9a8d660bbfbcf5d3&aa_creativeid=8ffdaf0299114f76a14dbfb2fa7284f1...
2026-04-17 20:38:33,433 - INFO - Looking for Decodo at: /root/.openclaw/workspace/skills/decodo-scraper/tools/scrape.py
2026-04-17 20:38:37,236 - INFO - Checking https://www.amazon.com/dp/B00T88U5DC?maas=maas_adg_api_582463272058736069_static_9_129&ref_=aa_maas&tag=maas&aa_campaignid=lv_d9q0c5qM5qmMHrJxqD&aa_adgroupid=lv_gcmD0Rl6pktjmmwosi&aa_creativeid=lv_VxJ2uO3ISpCmgP7FsO&th=1...
2026-04-17 20:38:37,236 - INFO - Looking for Decodo at: /root/.openclaw/workspace/skills/decodo-scraper/tools/scrape.py
2026-04-17 20:38:41,775 - INFO - Checking https://www.amazon.com/dp/B0CX1W5W41?maas=maas_adg_api_583099661971754444_static_12_113&ref_=aa_maas&tag=maas&aa_campaignid=AINOPEa1c3b6bd&aa_adgroupid=14d62c2e1d5f5a5d2560475a9df2b0ad3a5ef91c&aa_creativeid=d573a57a06e04d7e88f2c03d9520fc40...
2026-04-17 20:38:41,775 - INFO - Looking for Decodo at: /root/.openclaw/workspace/skills/decodo-scraper/tools/scrape.py
2026-04-17 20:38:45,132 - INFO - Checking https://www.amazon.com/dp/B088D839T5?maas=maas_adg_api_592096648984404491_static_12_113&ref_=aa_maas&tag=maas&aa_campaignid=GROWNSY1d1c607d&aa_adgroupid=14d62c2e4dcf1b5e37f94064b380b35977349285&aa_creativeid=b7b4e863e9544bddb412fc2735ecbcab...
2026-04-17 20:38:45,132 - INFO - Looking for Decodo at: /root/.openclaw/workspace/skills/decodo-scraper/tools/scrape.py
2026-04-17 20:38:49,590 - INFO - Checking https://www.amazon.com/dp/B0B641HBKN?maas=maas_adg_api_587336880899494533_static_12_113&ref_=aa_maas&tag=maas&aa_campaignid=MAREE38e17a72&aa_adgroupid=14d62c2ea4ad59f6ce714e7aaa1d4b48c1d47d1b&aa_creativeid=cf243d6dc920494597b530f871ec060e...
2026-04-17 20:38:49,590 - INFO - Looking for Decodo at: /root/.openclaw/workspace/skills/decodo-scraper/tools/scrape.py
2026-04-17 20:38:54,985 - INFO - Checking https://www.amazon.com/dp/B09BW29FJS?maas=maas_adg_api_582366218564361552_static_9_129&ref_=aa_maas&tag=maas&aa_campaignid=lv_ImVzIBzCJKI0gHIduL&aa_adgroupid=lv_n5t623pFn9qErLGFsl&aa_creativeid=lv_72ZO4YfN2CvZlwIA89&m=A2DU2GR8JRRKFW...
2026-04-17 20:38:54,985 - INFO - Looking for Decodo at: /root/.openclaw/workspace/skills/decodo-scraper/tools/scrape.py
2026-04-17 20:38:59,086 - INFO - Checking https://www.amazon.com/dp/B09QH4KB6Q?maas=maas_adg_api_577933607154487162_static_9_129&ref_=aa_maas&tag=maas&aa_campaignid=lv_hmaOWtGA9ZLKuuwXzQ&aa_adgroupid=lv_asmLuPWPnInBDgbT6i&aa_creativeid=lv_Q1qUNQRibShibxfdWe&m=A1YBOARC34RLVW...
2026-04-17 20:38:59,086 - INFO - Looking for Decodo at: /root/.openclaw/workspace/skills/decodo-scraper/tools/scrape.py
2026-04-17 20:39:03,496 - INFO - Checking https://www.amazon.com/dp/B085ZG55FB?maas=maas_adg_api_590156535044484191_static_12_113&ref_=aa_maas&tag=maas&aa_campaignid=Karite431680cd&aa_adgroupid=14d62c2eb6a2ff151b7e47e4a4382d5ba325c609&aa_creativeid=84bf2231141346569a6c7cfbb7288d4b...
2026-04-17 20:39:03,496 - INFO - Looking for Decodo at: /root/.openclaw/workspace/skills/decodo-scraper/tools/scrape.py
2026-04-17 20:39:07,831 - INFO - Checking https://www.amazon.com/dp/B0DDQBY9G8?maas=maas_adg_api_578087723089256229_static_12_113&ref_=aa_maas&tag=maas&aa_campaignid=AMKEde56bbad&aa_adgroupid=14d62c2e0fd7de3b95b744dcbe5673832a305994&aa_creativeid=9f4a3ae084a245e095469dcb03d8f811...
2026-04-17 20:39:07,831 - INFO - Looking for Decodo at: /root/.openclaw/workspace/skills/decodo-scraper/tools/scrape.py
2026-04-17 20:39:11,737 - INFO - Checking https://www.amazon.com/dp/B0DCG1JGKN?maas=maas_adg_api_590790376575379363_static_12_113&ref_=aa_maas&tag=maas&aa_campaignid=HOTOe5d0f6ff&aa_adgroupid=14d62c2ed1572bd5728943af9fc81908f9215444&aa_creativeid=4e29505fddb64192bab515565e07602b...
2026-04-17 20:39:11,737 - INFO - Looking for Decodo at: /root/.openclaw/workspace/skills/decodo-scraper/tools/scrape.py
2026-04-17 20:39:16,651 - INFO - Checking https://www.amazon.com/dp/B07SKCTNNS?maas=maas_adg_api_586836913547918070_static_9_129&ref_=aa_maas&tag=maas&aa_campaignid=lv_Ma7zul5bjKAxu0jbvT&aa_adgroupid=lv_4IykM6LjO7pdbbsvNe&aa_creativeid=lv_GQlM7xePssODWpFGIk&m=AA7GQ5AGPP5PI...
2026-04-17 20:39:16,651 - INFO - Looking for Decodo at: /root/.openclaw/workspace/skills/decodo-scraper/tools/scrape.py
2026-04-17 20:39:20,845 - INFO - Checking https://www.amazon.com/dp/B07TCCYXSS?maas=maas_adg_api_577790312340999299_static_12_113&ref_=aa_maas&tag=maas&aa_campaignid=LifeProd69eeb34&aa_adgroupid=14d62c2e403a0137e0594b5c82b8278d25298e80&aa_creativeid=a727132c481b43d1919d548cd5de88e9...
2026-04-17 20:39:20,845 - INFO - Looking for Decodo at: /root/.openclaw/workspace/skills/decodo-scraper/tools/scrape.py
2026-04-17 20:39:25,301 - INFO - Checking https://www.amazon.com/dp/B081HBSFDR?maas=maas_adg_api_577009168564754808_static_9_129&ref_=aa_maas&tag=maas&aa_campaignid=lv_ZRxJhxVfMYikZrEU2b&aa_adgroupid=lv_enzB61BbtBs5LnitDF&aa_creativeid=lv_Y15P5PaPsAAi2ngXG3&m=A3362TETIURY0A...
2026-04-17 20:39:25,301 - INFO - Looking for Decodo at: /root/.openclaw/workspace/skills/decodo-scraper/tools/scrape.py
2026-04-17 20:39:29,932 - INFO - Checking https://www.amazon.com/dp/B09TFZRQL5?maas=maas_adg_api_593416892693074669_static_12_113&ref_=aa_maas&tag=maas&aa_campaignid=Bloomondof882b338&aa_adgroupid=14d62c2eb0425796b53d478db05979bc3cc3b97f&aa_creativeid=507ae23fc39e49a49e316c17a9ceb1df...
2026-04-17 20:39:29,932 - INFO - Looking for Decodo at: /root/.openclaw/workspace/skills/decodo-scraper/tools/scrape.py
2026-04-17 20:39:34,324 - INFO - Checking https://www.amazon.com/dp/B00J9MYM5O?maas=maas_adg_api_592956920163014215_static_9_129&ref_=aa_maas&tag=maas&aa_campaignid=lv_MsTUSMhnQ6CFhBpOal&aa_adgroupid=lv_JQthgGjG3wxdruN9uI&aa_creativeid=lv_vgYkWsxKmE9uchtLbw&m=ARYDNK3BSOJJ4...
2026-04-17 20:39:34,324 - INFO - Looking for Decodo at: /root/.openclaw/workspace/skills/decodo-scraper/tools/scrape.py
2026-04-17 20:39:38,863 - INFO - Checking https://www.amazon.com/dp/B00SU0QSZ8?maas=maas_adg_api_582254396570852096_static_9_129&ref_=aa_maas&tag=maas&aa_campaignid=lv_Ac8frFhn6EEee0IHtg&aa_adgroupid=lv_cm5sKN7pRRAZb0RCyZ&aa_creativeid=lv_NTfs0dCvbhMJ3St2a1&m=A34TGPDNXFL7ZQ...
2026-04-17 20:39:38,863 - INFO - Looking for Decodo at: /root/.openclaw/workspace/skills/decodo-scraper/tools/scrape.py
2026-04-17 20:39:44,454 - INFO - Checking https://www.amazon.com/dp/B0F48CPVVQ?maas=maas_adg_api_586158196208850840_static_12_113&ref_=aa_maas&tag=maas&aa_campaignid=Lumaryd9a25322&aa_adgroupid=14d62c2e68e67f3fd6504fa4888aca81614deddd&aa_creativeid=2ab13784d30d4d698c436232cfd4d481...
2026-04-17 20:39:44,454 - INFO - Looking for Decodo at: /root/.openclaw/workspace/skills/decodo-scraper/tools/scrape.py
2026-04-17 20:39:49,167 - INFO - Checking https://www.amazon.com/dp/B00MDRTV8A?maas=maas_adg_api_594159639014298775_static_9_129&ref_=aa_maas&tag=maas&aa_campaignid=lv_VVOIDaxgkuigisUK2b&aa_adgroupid=lv_ZjgbtI9DYq4HaNCXyb&aa_creativeid=lv_qoTMvsTlwPvdmhcPtp&m=A3V1QNHQ2M2TBN...
2026-04-17 20:39:49,167 - INFO - Looking for Decodo at: /root/.openclaw/workspace/skills/decodo-scraper/tools/scrape.py
2026-04-17 20:39:53,168 - INFO - Checking https://www.amazon.com/dp/B0DYVJ5ZBP?maas=maas_adg_api_586809543145843489_static_9_129&ref_=aa_maas&tag=maas&aa_campaignid=lv_d0AoGmf2WG5FHbOxwe&aa_adgroupid=lv_DLRLfSAdnWy6ywoshj&aa_creativeid=lv_ETukDkThDZZzIJTwNw...
2026-04-17 20:39:53,168 - INFO - Looking for Decodo at: /root/.openclaw/workspace/skills/decodo-scraper/tools/scrape.py
2026-04-17 20:39:56,537 - INFO - Checking https://www.amazon.com/dp/B09KG1X46R?maas=maas_adg_api_578781150743591209_static_12_113&ref_=aa_maas&tag=maas&aa_campaignid=LSRLORESOcb6b3a84&aa_adgroupid=14d62c2ebf7a215094cd4398935170db0e8210c0&aa_creativeid=92240993e60046d1bfe820f38c5cad1a...
2026-04-17 20:39:56,537 - INFO - Looking for Decodo at: /root/.openclaw/workspace/skills/decodo-scraper/tools/scrape.py
2026-04-17 20:40:00,408 - INFO - Checking https://www.amazon.com/dp/B07CTH3722?maas=maas_adg_api_586484919929420069_static_12_113&ref_=aa_maas&tag=maas&aa_campaignid=RFAQK0d4b54af&aa_adgroupid=14d62c2e9c65d51966ee4af594603baa0f4316df&aa_creativeid=e8fdf49b09f7404d9d6fc1ccd18b007a...
2026-04-17 20:40:00,408 - INFO - Looking for Decodo at: /root/.openclaw/workspace/skills/decodo-scraper/tools/scrape.py
2026-04-17 20:40:04,287 - INFO - Checking https://www.amazon.com/dp/B0BQNFRNYG?maas=maas_adg_api_577482626951323380_static_12_113&ref_=aa_maas&tag=maas&aa_campaignid=BeyondInnoventionsc30d9c04&aa_adgroupid=14d62c2eeb80e90e695a4eedac402c5b978c8ba9&aa_creativeid=80f1f353933f4f4e9d4f53e187ad4584...
2026-04-17 20:40:04,287 - INFO - Looking for Decodo at: /root/.openclaw/workspace/skills/decodo-scraper/tools/scrape.py
2026-04-17 20:40:10,491 - INFO - Checking https://www.amazon.com/dp/B0C9QQG8R6?maas=maas_adg_api_587336880899494533_static_12_113&ref_=aa_maas&tag=maas&aa_campaignid=MAREE38e17a72&aa_adgroupid=14d62c2e650040a61fc646d3b3c0fb5b3148c230&aa_creativeid=08632ab04be844688b3d9301b62535e7...
2026-04-17 20:40:10,491 - INFO - Looking for Decodo at: /root/.openclaw/workspace/skills/decodo-scraper/tools/scrape.py
2026-04-17 20:40:14,285 - INFO - Checking https://www.amazon.com/dp/B08GG7VBJ8?maas=maas_adg_api_583713196166529275_static_12_113&ref_=aa_maas&tag=maas&aa_campaignid=RawChemistry4972fd44&aa_adgroupid=14d62c2eed691b135e2a456e99e59ba2460044ca&aa_creativeid=7d843fa4f202461a9ec6af9c9f874dc1...
2026-04-17 20:40:14,285 - INFO - Looking for Decodo at: /root/.openclaw/workspace/skills/decodo-scraper/tools/scrape.py
2026-04-17 20:40:18,276 - INFO - Checking https://www.amazon.com/dp/B0CWS5QP8F?maas=maas_adg_api_594159639014298775_static_9_129&ref_=aa_maas&tag=maas&aa_campaignid=lv_VVOIDaxgkuigisUK2b&aa_adgroupid=lv_ITfmbxrblNHQ6kpwPD&aa_creativeid=lv_KtApjw5n1MNArrtYQZ&m=A3V1QNHQ2M2TBN...
2026-04-17 20:40:18,276 - INFO - Looking for Decodo at: /root/.openclaw/workspace/skills/decodo-scraper/tools/scrape.py
2026-04-17 20:40:22,452 - INFO - Checking https://www.amazon.com/dp/B0B9TWY11Q?maas=maas_adg_api_581900785331860835_static_9_129&ref_=aa_maas&tag=maas&aa_campaignid=lv_1S8EG1SU2pL4XRqVCO&aa_adgroupid=lv_yzrGGWlTxTcgsUOoPz&aa_creativeid=lv_upbI1vcFyFoHAiF5bb...
2026-04-17 20:40:22,452 - INFO - Looking for Decodo at: /root/.openclaw/workspace/skills/decodo-scraper/tools/scrape.py
2026-04-17 20:40:27,802 - INFO - Checking https://www.amazon.com/dp/B0769WFSP9?maas=maas_adg_api_584724442338921539_static_9_129&ref_=aa_maas&tag=maas&aa_campaignid=lv_U1Pz2NeLLLifZC0Hps&aa_adgroupid=lv_eN2xndRMtnc91BVVOb&aa_creativeid=lv_qvhEbyg1wRD8L1zkNy&m=AXT11B3W0G30N...
2026-04-17 20:40:27,802 - INFO - Looking for Decodo at: /root/.openclaw/workspace/skills/decodo-scraper/tools/scrape.py
2026-04-17 20:40:34,357 - INFO - Checking https://www.amazon.com/dp/B0CDBTHSH2?maas=maas_adg_api_578435546800514248_static_9_129&ref_=aa_maas&tag=maas&aa_campaignid=lv_mp3a8yteXOCUgL3cy0&aa_adgroupid=lv_7d0DEP67CjqCPQ2qwm&aa_creativeid=lv_U6xuAGP0vp7wM0NOCG...
2026-04-17 20:40:34,357 - INFO - Looking for Decodo at: /root/.openclaw/workspace/skills/decodo-scraper/tools/scrape.py
2026-04-17 20:40:39,767 - INFO - Checking https://www.amazon.com/dp/B0DS24MTRM?maas=maas_adg_api_586321083774220533_static_12_113&ref_=aa_maas&tag=maas&aa_campaignid=DREAMEa9f1bd99&aa_adgroupid=14d62c2e770de14320c64455a51e6b983f79dace&aa_creativeid=3b64389b7c0148538dffad625a291809...
2026-04-17 20:40:39,767 - INFO - Looking for Decodo at: /root/.openclaw/workspace/skills/decodo-scraper/tools/scrape.py
2026-04-17 20:40:44,424 - INFO - Checking https://www.amazon.com/dp/B0B286BFZQ?maas=maas_adg_api_579397526296226100_static_9_129&ref_=aa_maas&tag=maas&aa_campaignid=lv_ZV9zdWAuXVwDSIuN2N&aa_adgroupid=lv_cGvshEfqu3AJj79urD&aa_creativeid=lv_uWtuIVA0VFQXYSZoqn&m=A13C80S999UGQQ...
2026-04-17 20:40:44,424 - INFO - Looking for Decodo at: /root/.openclaw/workspace/skills/decodo-scraper/tools/scrape.py
2026-04-17 20:40:49,732 - INFO - Checking https://www.amazon.com/dp/B00UK8WFQO?maas=maas_adg_api_592881098884415744_static_9_129&ref_=aa_maas&tag=maas&aa_campaignid=lv_gCtpt2pz7QxeKW1WXf&aa_adgroupid=lv_ubxYtcszjxanFlDAgS&aa_creativeid=lv_UVd2VHhNJ774n7ieYw&m=APLN9KT3WTCYF...
2026-04-17 20:40:49,732 - INFO - Looking for Decodo at: /root/.openclaw/workspace/skills/decodo-scraper/tools/scrape.py
2026-04-17 20:40:54,685 - INFO - Checking https://www.amazon.com/dp/B0FY2Z68PM?maas=maas_adg_api_576616611386102861_static_12_113&ref_=aa_maas&tag=maas&aa_campaignid=JIGOO95ce41cf&aa_adgroupid=14d62c2ea6274acce4e649d0837364d8febd870b&aa_creativeid=cb0309e9a66740cdb9b04d2ac153f0f4...
2026-04-17 20:40:54,685 - INFO - Looking for Decodo at: /root/.openclaw/workspace/skills/decodo-scraper/tools/scrape.py
2026-04-17 20:40:58,278 - INFO - Checking https://www.amazon.com/dp/B0DCTS4KLS?maas=maas_adg_api_585272332588276881_static_12_113&ref_=aa_maas&tag=maas&aa_campaignid=PICKFORLIFE9eff67af&aa_adgroupid=14d62c2e46e57472997441ccbcf8efe32718fb77&aa_creativeid=6df900095df14c00a54fbc04082e374b...
2026-04-17 20:40:58,278 - INFO - Looking for Decodo at: /root/.openclaw/workspace/skills/decodo-scraper/tools/scrape.py
2026-04-17 20:41:03,730 - INFO - Checking https://www.amazon.com/dp/B0C39QS3D9?maas=maas_adg_api_592096648984404491_static_12_113&ref_=aa_maas&tag=maas&aa_campaignid=GROWNSY1d1c607d&aa_adgroupid=14d62c2e22a34061bb794755bcc5f17c04da3e70&aa_creativeid=f5c7f3790ce54827bf82c3ac22bdc309...
2026-04-17 20:41:03,730 - INFO - Looking for Decodo at: /root/.openclaw/workspace/skills/decodo-scraper/tools/scrape.py
2026-04-17 20:41:08,512 - INFO - Checking https://www.amazon.com/dp/B0CT3XKN2H?maas=maas_adg_api_578699538175523015_static_12_113&ref_=aa_maas&tag=maas&aa_campaignid=KLUBId217578f&aa_adgroupid=14d62c2e8ffcae0d9175486b8b93e96eeb4f1361&aa_creativeid=3de6e14553b545d2a31c9ab15ad79235...
2026-04-17 20:41:08,512 - INFO - Looking for Decodo at: /root/.openclaw/workspace/skills/decodo-scraper/tools/scrape.py
2026-04-17 20:41:13,489 - INFO - Checking https://www.amazon.com/dp/B07NXW4GW7?maas=maas_adg_api_589443220162898285_static_9_129&ref_=aa_maas&tag=maas&aa_campaignid=lv_zdMCL7H7kIk2AUVDrq&aa_adgroupid=lv_3G9WrBCxunnIAuuBZO&aa_creativeid=lv_LxhItMnF3857Grrz7c&m=AQAIDN8YDF665...
2026-04-17 20:41:13,489 - INFO - Looking for Decodo at: /root/.openclaw/workspace/skills/decodo-scraper/tools/scrape.py
2026-04-17 20:41:18,048 - INFO - Checking https://www.amazon.com/dp/B0D1H9DXJZ?maas=maas_adg_api_579194941985385042_static_9_129&ref_=aa_maas&tag=maas&aa_campaignid=lv_EKoac7KtZ6lL07dSoF&aa_adgroupid=lv_WlNXFRks1nLNSjsRuH&aa_creativeid=lv_1lX3WI5Y9qEBM1kLtz...
2026-04-17 20:41:18,048 - INFO - Looking for Decodo at: /root/.openclaw/workspace/skills/decodo-scraper/tools/scrape.py
2026-04-17 20:41:22,558 - INFO - Checking https://www.amazon.com/dp/B0786TJC33?maas=maas_adg_api_578036812226535195_static_12_113&ref_=aa_maas&tag=maas&aa_campaignid=hOmeLabsc0ee43fb&aa_adgroupid=14d62c2e2ceca4ec0a48429f8e955c86c354fabd&aa_creativeid=b44c98b355a14d81b2f338c2209a49ea...
2026-04-17 20:41:22,558 - INFO - Looking for Decodo at: /root/.openclaw/workspace/skills/decodo-scraper/tools/scrape.py
2026-04-17 20:41:27,369 - INFO - Checking https://www.amazon.com/dp/B08HV3MPFD?maas=maas_adg_api_587516772313142626_static_9_129&ref_=aa_maas&tag=maas&aa_campaignid=lv_UNkrFUgdGradQ5Ufh1&aa_adgroupid=lv_JVBgtvIZkAkDwtQHf0&aa_creativeid=lv_wOkGy2W8hT58cWOUzJ&m=A2BB7VVI0FY4EN...
2026-04-17 20:41:27,369 - INFO - Looking for Decodo at: /root/.openclaw/workspace/skills/decodo-scraper/tools/scrape.py
2026-04-17 20:41:33,285 - INFO - Checking https://www.amazon.com/dp/B0BJKPKV2L?maas=maas_adg_api_594299861198620660_static_9_129&ref_=aa_maas&tag=maas&aa_campaignid=lv_WIUlM0WnysQdTXqsCV&aa_adgroupid=lv_lTSuP0CrPuIOppLoPY&aa_creativeid=lv_GRUSGBWEHyV1IwWJpu&m=A1WFZRQPDGQ55T...
2026-04-17 20:41:33,286 - INFO - Looking for Decodo at: /root/.openclaw/workspace/skills/decodo-scraper/tools/scrape.py
2026-04-17 20:41:37,201 - INFO - Checking https://www.amazon.com/dp/B0F8VWPH6J?maas=maas_adg_api_584472823201984161_static_12_113&ref_=aa_maas&tag=maas&aa_campaignid=Auxmir0e17a9eb&aa_adgroupid=14d62c2e7672b428c721471199f525b25dfa7003&aa_creativeid=67a948ba833c4577a5e9661d265303da...
2026-04-17 20:41:37,201 - INFO - Looking for Decodo at: /root/.openclaw/workspace/skills/decodo-scraper/tools/scrape.py
2026-04-17 20:41:41,839 - INFO - Checking https://www.amazon.com/dp/B00L2PB3BW?maas=maas_adg_api_579020863362419097_static_9_129&ref_=aa_maas&tag=maas&aa_campaignid=lv_SjDqTS2grmaQazELpz&aa_adgroupid=lv_LV357lxoohW1F0GC0v&aa_creativeid=lv_odx7bPe20I7nYdtH53&m=A17119QUPKBK8A...
2026-04-17 20:41:41,839 - INFO - Looking for Decodo at: /root/.openclaw/workspace/skills/decodo-scraper/tools/scrape.py
2026-04-17 20:41:45,904 - INFO - Checking https://www.amazon.com/dp/B07YYMS28G?maas=maas_adg_api_579758582948251126_static_9_129&ref_=aa_maas&tag=maas&aa_campaignid=lv_DF1j5s3bYUtcNbLvRc&aa_adgroupid=lv_q0717MVA5rhQlj4LEE&aa_creativeid=lv_6VAA8YdZs5ATa7ol2P&m=A1DXN92KCKEQV4...
2026-04-17 20:41:45,904 - INFO - Looking for Decodo at: /root/.openclaw/workspace/skills/decodo-scraper/tools/scrape.py
2026-04-17 20:41:50,464 - INFO - Checking https://www.amazon.com/dp/B0769WFSP9?maas=maas_adg_api_584724442338921539_static_9_129&ref_=aa_maas&tag=maas&aa_campaignid=lv_U1Pz2NeLLLifZC0Hps&aa_adgroupid=lv_eN2xndRMtnc91BVVOb&aa_creativeid=lv_qvhEbyg1wRD8L1zkNy&m=AXT11B3W0G30N...
2026-04-17 20:41:50,464 - INFO - Looking for Decodo at: /root/.openclaw/workspace/skills/decodo-scraper/tools/scrape.py
2026-04-17 20:41:54,973 - INFO - Checking https://www.amazon.com/dp/B0C8BQDT6R?maas=maas_adg_api_587765263589953986_static_12_113&ref_=aa_maas&tag=maas&aa_campaignid=Curerac0a57df2&aa_adgroupid=14d62c2e8830b7d6b2184ba79bef145a34b2455c&aa_creativeid=c2d5a998219f46f6a0d2d128fd5a3b2b...
2026-04-17 20:41:54,973 - INFO - Looking for Decodo at: /root/.openclaw/workspace/skills/decodo-scraper/tools/scrape.py
2026-04-17 20:42:00,713 - INFO - Checking https://www.amazon.com/dp/B0FXYCMSF2?maas=maas_adg_api_591209819729107590_static_12_113&ref_=aa_maas&tag=maas&aa_campaignid=TEREZHONOR7406c33a&aa_adgroupid=14d62c2e77a15af2a8c24439999521f7bea29550&aa_creativeid=8e5317ff6dea4c6395e75b6d75e69ae2...
2026-04-17 20:42:00,713 - INFO - Looking for Decodo at: /root/.openclaw/workspace/skills/decodo-scraper/tools/scrape.py
2026-04-17 20:42:04,411 - INFO - Checking https://www.amazon.com/dp/B09KY583C4?maas=maas_adg_api_585688298085587489_static_12_113&ref_=aa_maas&tag=maas&aa_campaignid=Duraflamef7328955&aa_adgroupid=14d62c2ea9f5756433a8410ca589b0bcd5cb4e61&aa_creativeid=8ac26e5e099e4e91b67ec4d58d79a33b...
2026-04-17 20:42:04,411 - INFO - Looking for Decodo at: /root/.openclaw/workspace/skills/decodo-scraper/tools/scrape.py
2026-04-17 20:42:07,891 - INFO - Checking https://www.amazon.com/dp/B0FBNB3SNQ?maas=maas_adg_api_594299861198620660_static_9_129&ref_=aa_maas&tag=maas&aa_campaignid=lv_EBdMM2XOulatckxQew&aa_adgroupid=lv_aGuhrIQFGEie5bDPgj&aa_creativeid=lv_Wd236mjr10ADl0bL54&m=A1WFZRQPDGQ55T...
2026-04-17 20:42:07,891 - INFO - Looking for Decodo at: /root/.openclaw/workspace/skills/decodo-scraper/tools/scrape.py
2026-04-17 20:42:12,197 - INFO - Checking https://www.amazon.com/dp/B0CLLSC4BF?maas=maas_adg_api_583099661971754444_static_12_113&ref_=aa_maas&tag=maas&aa_campaignid=AINOPEa1c3b6bd&aa_adgroupid=14d62c2e2f587d2dab02477fbec00c3d0155b3b4&aa_creativeid=fc9d2c5ef73c4c96ab91b1662a72a011...
2026-04-17 20:42:12,197 - INFO - Looking for Decodo at: /root/.openclaw/workspace/skills/decodo-scraper/tools/scrape.py
2026-04-17 20:42:17,201 - INFO - Checking https://www.amazon.com/dp/B0D6J5B98H?maas=maas_adg_api_588509148419100014_static_12_113&ref_=aa_maas&tag=maas&aa_campaignid=ROVE6769e5d8&aa_adgroupid=14d62c2e18cfc030375e4ae093d837d2372b348f&aa_creativeid=761e701da32b46e68fe772950ff85fe7...
2026-04-17 20:42:17,201 - INFO - Looking for Decodo at: /root/.openclaw/workspace/skills/decodo-scraper/tools/scrape.py
2026-04-17 20:42:21,400 - INFO - Checking https://www.amazon.com/dp/B0GL4GTMW1?maas=maas_adg_api_579758582948251126_static_12_113&ref_=aa_maas&tag=maas&aa_campaignid=Sterilite699420&aa_adgroupid=14d62c2e6ff8c31839e84bc59eee182c343335e0&aa_creativeid=d7e1e1967ebe45ba98b31748f19946ef...
2026-04-17 20:42:21,401 - INFO - Looking for Decodo at: /root/.openclaw/workspace/skills/decodo-scraper/tools/scrape.py
2026-04-17 20:42:24,768 - INFO - Checking https://www.amazon.com/dp/B077S6KQ88?maas=maas_adg_api_578173553827701123_static_9_218&ref_=aa_maas&aa_campaignid=wyrd_5328a334564a0f5_5&aa_adgroupid=wyrd_be78c60b0f31445_5&aa_creativeid=wyrd_d1442b47b9c2b77_5...
2026-04-17 20:42:24,768 - INFO - Looking for Decodo at: /root/.openclaw/workspace/skills/decodo-scraper/tools/scrape.py
2026-04-17 20:42:29,446 - INFO - Checking https://www.amazon.com/dp/B07HD7JVLB?maas=maas_adg_api_592513940591210197_static_9_129&ref_=aa_maas&tag=maas&aa_campaignid=lv_9jZ0wv3KTy02ctXOBA&aa_adgroupid=lv_PmenIPh59PxQpQUi3O&aa_creativeid=lv_ZY2NwOqDXZ6MfaojnL...
2026-04-17 20:42:29,446 - INFO - Looking for Decodo at: /root/.openclaw/workspace/skills/decodo-scraper/tools/scrape.py
[2026-04-17 20:42:33] WARNING: Inventory check timed out after 5 minutes
